Using pre-set license
Built from '2020.3/staging' branch; Version is '2020.3.24f1 (79c78de19888) revision 7980941'; Using compiler version '192528614'; Build Type 'Release'
OS: 'Windows 11  (10.0.22000) 64bit CoreSingleLanguage' Language: 'ru' Physical Memory: 15792 MB
BatchMode: 1, IsHumanControllingUs: 0, StartBugReporterOnCrash: 0, Is64bit: 1, IsPro: 0

COMMAND LINE ARGUMENTS:
C:\Program Files\Unity\2020.3.24f1\Editor\Unity.exe
-adb2
-batchMode
-noUpm
-name
AssetImportWorker0
-projectPath
C:/Users/arrit/Documents/GitHub/Candy-Catch/Candy Catch
-logFile
Logs/AssetImportWorker0.log
-srvPort
49392
Successfully changed project path to: C:/Users/arrit/Documents/GitHub/Candy-Catch/Candy Catch
C:/Users/arrit/Documents/GitHub/Candy-Catch/Candy Catch
Using Asset Import Pipeline V2.
Refreshing native plugins compatible for Editor in 33.65 ms, found 3 plugins.
Preloading 0 native plugins for Editor in 0.00 ms.
Initialize engine version: 2020.3.24f1 (79c78de19888)
[Subsystems] Discovering subsystems at path C:/Program Files/Unity/2020.3.24f1/Editor/Data/Resources/UnitySubsystems
[Subsystems] Discovering subsystems at path C:/Users/arrit/Documents/GitHub/Candy-Catch/Candy Catch/Assets
GfxDevice: creating device client; threaded=0
Direct3D:
    Version:  Direct3D 11.0 [level 11.1]
    Renderer: NVIDIA GeForce RTX 3060 Laptop GPU (ID=0x2520)
    Vendor:   
    VRAM:     6023 MB
    Driver:   30.0.14.9729
Initialize mono
Mono path[0] = 'C:/Program Files/Unity/2020.3.24f1/Editor/Data/Managed'
Mono path[1] = 'C:/Program Files/Unity/2020.3.24f1/Editor/Data/MonoBleedingEdge/lib/mono/unityjit'
Mono config path = 'C:/Program Files/Unity/2020.3.24f1/Editor/Data/MonoBleedingEdge/etc'
Using monoOptions --debugger-agent=transport=dt_socket,embedding=1,server=y,suspend=n,address=127.0.0.1:56228
Begin MonoManager ReloadAssembly
Registering precompiled unity dll's ...
Register platform support module: C:/Program Files/Unity/2020.3.24f1/Editor/Data/PlaybackEngines/WebGLSupport/UnityEditor.WebGL.Extensions.dll
Register platform support module: C:/Program Files/Unity/2020.3.24f1/Editor/Data/PlaybackEngines/WindowsStandaloneSupport/UnityEditor.WindowsStandalone.Extensions.dll
Registered in 0.001276 seconds.
Native extension for WindowsStandalone target not found
Native extension for WebGL target not found
Refreshing native plugins compatible for Editor in 33.73 ms, found 3 plugins.
Preloading 0 native plugins for Editor in 0.00 ms.
Mono: successfully reloaded assembly
- Completed reload, in  0.429 seconds
Domain Reload Profiling:
	ReloadAssembly (429ms)
		BeginReloadAssembly (36ms)
			ExecutionOrderSort (0ms)
			DisableScriptedObjects (0ms)
			BackupInstance (0ms)
			ReleaseScriptingObjects (0ms)
			CreateAndSetChildDomain (1ms)
		EndReloadAssembly (339ms)
			LoadAssemblies (35ms)
			RebuildTransferFunctionScriptingTraits (0ms)
			SetupTypeCache (109ms)
			ReleaseScriptCaches (0ms)
			RebuildScriptCaches (20ms)
			SetupLoadedEditorAssemblies (135ms)
				LogAssemblyErrors (0ms)
				InitializePlatformSupportModulesInManaged (4ms)
				SetLoadedEditorAssemblies (0ms)
				RefreshPlugins (34ms)
				BeforeProcessingInitializeOnLoad (12ms)
				ProcessInitializeOnLoadAttributes (63ms)
				ProcessInitializeOnLoadMethodAttributes (21ms)
				AfterProcessingInitializeOnLoad (0ms)
				EditorAssembliesLoaded (0ms)
			ExecutionOrderSort2 (0ms)
			AwakeInstancesAfterBackupRestoration (0ms)
Platform modules already initialized, skipping
Registering precompiled user dll's ...
Registered in 0.003041 seconds.
Begin MonoManager ReloadAssembly
Native extension for WindowsStandalone target not found
Native extension for WebGL target not found
Refreshing native plugins compatible for Editor in 32.84 ms, found 3 plugins.
Preloading 0 native plugins for Editor in 0.00 ms.
Mono: successfully reloaded assembly
- Completed reload, in  0.787 seconds
Domain Reload Profiling:
	ReloadAssembly (788ms)
		BeginReloadAssembly (98ms)
			ExecutionOrderSort (0ms)
			DisableScriptedObjects (4ms)
			BackupInstance (0ms)
			ReleaseScriptingObjects (0ms)
			CreateAndSetChildDomain (16ms)
		EndReloadAssembly (646ms)
			LoadAssemblies (65ms)
			RebuildTransferFunctionScriptingTraits (0ms)
			SetupTypeCache (205ms)
			ReleaseScriptCaches (0ms)
			RebuildScriptCaches (33ms)
			SetupLoadedEditorAssemblies (260ms)
				LogAssemblyErrors (0ms)
				InitializePlatformSupportModulesInManaged (4ms)
				SetLoadedEditorAssemblies (0ms)
				RefreshPlugins (33ms)
				BeforeProcessingInitializeOnLoad (61ms)
				ProcessInitializeOnLoadAttributes (147ms)
				ProcessInitializeOnLoadMethodAttributes (12ms)
				AfterProcessingInitializeOnLoad (4ms)
				EditorAssembliesLoaded (0ms)
			ExecutionOrderSort2 (0ms)
			AwakeInstancesAfterBackupRestoration (5ms)
Platform modules already initialized, skipping
========================================================================
Worker process is ready to serve import requests
Launched and connected shader compiler UnityShaderCompiler.exe after 0.04 seconds
Refreshing native plugins compatible for Editor in 0.91 ms, found 3 plugins.
Preloading 0 native plugins for Editor in 0.00 ms.
Unloading 2194 Unused Serialized files (Serialized files now loaded: 0)
System memory in use before: 95.8 MB.
System memory in use after: 95.9 MB.

Unloading 28 unused Assets to reduce memory usage. Loaded Objects now: 2627.
Total: 2.511400 ms (FindLiveObjects: 0.187100 ms CreateObjectMapping: 0.044600 ms MarkObjects: 2.217400 ms  DeleteObjects: 0.061300 ms)

AssetImportParameters requested are different than current active one (requested -> active):
  custom:framework-win-MediaFoundation: 216162199b28c13a410421893ffa2e32 -> 
  custom:video-decoder-ogg-theora: a1e56fd34408186e4bbccfd4996cb3dc -> 
  custom:container-muxer-webm: aa71ff27fc2769a1b78a27578f13a17b -> 
  custom:container-demuxer-webm: 4f35f7cbe854078d1ac9338744f61a02 -> 
  custom:container-demuxer-ogg: 62fdf1f143b41e24485cea50d1cbac27 -> 
  custom:video-encoder-webm-vp8: eb34c28f22e8b96e1ab97ce403110664 -> 
  custom:video-decoder-webm-vp8: 9c59270c3fd7afecdb556c50c9e8de78 -> 
  custom:audio-decoder-ogg-vorbis: bf7c407c2cedff20999df2af8eb42d56 -> 
  custom:audio-encoder-webm-vorbis: bf7c407c2cedff20999df2af8eb42d56 -> 
========================================================================
Received Import Request.
  path: Assets/Scenes/SampleScene.unity
  artifactKey: Guid(2cda990e2423bbf4892e6590ba056729) Importer(815301076,1909f56bfc062723c751e8b465ee728b)
Start importing Assets/Scenes/SampleScene.unity using Guid(2cda990e2423bbf4892e6590ba056729) Importer(815301076,1909f56bfc062723c751e8b465ee728b)  -> (artifact id: 'aa27944bdea339c97c39027c7eea529c') in 0.015724 seconds 
  Import took 0.018928 seconds .

========================================================================
Received Import Request.
  Time since last request: 3.308616 seconds.
  path: Assets/Scenes/Game.unity
  artifactKey: Guid(2cda990e2423bbf4892e6590ba056729) Importer(815301076,1909f56bfc062723c751e8b465ee728b)
Start importing Assets/Scenes/Game.unity using Guid(2cda990e2423bbf4892e6590ba056729) Importer(815301076,1909f56bfc062723c751e8b465ee728b)  -> (artifact id: '41b1d14b1c9cee80b6c568cc75c4166e') in 0.008159 seconds 
  Import took 0.012119 seconds .

========================================================================
Received Import Request.
  Time since last request: 26.430893 seconds.
  path: Assets
  artifactKey: Guid(00000000000000001000000000000000) Importer(815301076,1909f56bfc062723c751e8b465ee728b)
Start importing Assets using Guid(00000000000000001000000000000000) Importer(815301076,1909f56bfc062723c751e8b465ee728b)  -> (artifact id: '42d402b061de3733987d63b9cc3b64de') in 0.008234 seconds 
  Import took 0.011514 seconds .

========================================================================
Received Import Request.
  Time since last request: 5.986170 seconds.
  path: Assets/Scripts
  artifactKey: Guid(832dc8dfdd012c541a840812067fc835) Importer(815301076,1909f56bfc062723c751e8b465ee728b)
Start importing Assets/Scripts using Guid(832dc8dfdd012c541a840812067fc835) Importer(815301076,1909f56bfc062723c751e8b465ee728b)  -> (artifact id: 'cb67649ac7d3090e88bade071c713624') in 0.008371 seconds 
  Import took 0.011975 seconds .

========================================================================
Received Import Request.
  Time since last request: 5.885744 seconds.
  path: Assets/Sprites
  artifactKey: Guid(ac0a5cda13fd7d84982ac0075c543c08) Importer(815301076,1909f56bfc062723c751e8b465ee728b)
Start importing Assets/Sprites using Guid(ac0a5cda13fd7d84982ac0075c543c08) Importer(815301076,1909f56bfc062723c751e8b465ee728b)  -> (artifact id: 'd1f5ec983ca05d5bad93ab9618885f7d') in 0.008403 seconds 
  Import took 0.012790 seconds .

========================================================================
Received Import Request.
  Time since last request: 5.654347 seconds.
  path: Assets/Prefabs
  artifactKey: Guid(1a3313c5bbe7b13478142466dd16856d) Importer(815301076,1909f56bfc062723c751e8b465ee728b)
Start importing Assets/Prefabs using Guid(1a3313c5bbe7b13478142466dd16856d) Importer(815301076,1909f56bfc062723c751e8b465ee728b)  -> (artifact id: 'f61c04fde2ea33af6f3e0624aacf6ef8') in 0.007748 seconds 
  Import took 0.011914 seconds .

========================================================================
Received Import Request.
  Time since last request: 989.796562 seconds.
  path: Assets/Sprites/g854.png
  artifactKey: Guid(297efafbbdce6af4bb851c15aec0a6d4) Importer(815301076,1909f56bfc062723c751e8b465ee728b)
Start importing Assets/Sprites/g854.png using Guid(297efafbbdce6af4bb851c15aec0a6d4) Importer(815301076,1909f56bfc062723c751e8b465ee728b)  -> (artifact id: '46e7b61f7c0e0c2f03ed998d0efe0949') in 0.073486 seconds 
  Import took 0.076655 seconds .

========================================================================
Received Import Request.
  Time since last request: 256.285138 seconds.
  path: Assets/Sprites/g854.png
  artifactKey: Guid(297efafbbdce6af4bb851c15aec0a6d4) Importer(815301076,1909f56bfc062723c751e8b465ee728b)
Start importing Assets/Sprites/g854.png using Guid(297efafbbdce6af4bb851c15aec0a6d4) Importer(815301076,1909f56bfc062723c751e8b465ee728b)  -> (artifact id: '6092b0a1e15aeba76d8bd8535c538cb5') in 0.018367 seconds 
  Import took 0.022112 seconds .

========================================================================
Received Import Request.
  Time since last request: 10.646139 seconds.
  path: Assets/Sprites/g854.png
  artifactKey: Guid(297efafbbdce6af4bb851c15aec0a6d4) Importer(815301076,1909f56bfc062723c751e8b465ee728b)
Start importing Assets/Sprites/g854.png using Guid(297efafbbdce6af4bb851c15aec0a6d4) Importer(815301076,1909f56bfc062723c751e8b465ee728b)  -> (artifact id: '9022d219a277e2cccdab8e6118f110b4') in 0.015855 seconds 
  Import took 0.019234 seconds .

========================================================================
Received Import Request.
  Time since last request: 10.806659 seconds.
  path: Assets/Sprites/g854.png
  artifactKey: Guid(297efafbbdce6af4bb851c15aec0a6d4) Importer(815301076,1909f56bfc062723c751e8b465ee728b)
Start importing Assets/Sprites/g854.png using Guid(297efafbbdce6af4bb851c15aec0a6d4) Importer(815301076,1909f56bfc062723c751e8b465ee728b)  -> (artifact id: '542a0c8d690cb13f08c50555676ee517') in 0.014821 seconds 
  Import took 0.018185 seconds .

========================================================================
Received Import Request.
  Time since last request: 7.558172 seconds.
  path: Assets/Sprites/g854.png
  artifactKey: Guid(297efafbbdce6af4bb851c15aec0a6d4) Importer(815301076,1909f56bfc062723c751e8b465ee728b)
Start importing Assets/Sprites/g854.png using Guid(297efafbbdce6af4bb851c15aec0a6d4) Importer(815301076,1909f56bfc062723c751e8b465ee728b)  -> (artifact id: '92f74826b91b3477ca61132286ce6f5b') in 0.015732 seconds 
  Import took 0.019869 seconds .

========================================================================
Received Import Request.
  Time since last request: 97.662468 seconds.
  path: Assets/Sprites/g4302.png
  artifactKey: Guid(92677805c9efdb74db071c20c76c5f1a) Importer(815301076,1909f56bfc062723c751e8b465ee728b)
Start importing Assets/Sprites/g4302.png using Guid(92677805c9efdb74db071c20c76c5f1a) Importer(815301076,1909f56bfc062723c751e8b465ee728b)  -> (artifact id: 'c8a839cf7af2e7227ff780dae5a7933c') in 0.016390 seconds 
  Import took 0.020002 seconds .

========================================================================
Received Import Request.
  Time since last request: 143.668568 seconds.
  path: ProjectSettings/TagManager.asset
  artifactKey: Guid(00000000000000003000000000000000) Importer(815301076,1909f56bfc062723c751e8b465ee728b)
Start importing ProjectSettings/TagManager.asset using Guid(00000000000000003000000000000000) Importer(815301076,1909f56bfc062723c751e8b465ee728b)  -> (artifact id: '95df672b4aaba54310d34c83eef51bb8') in 0.014139 seconds 
  Import took 0.017773 seconds .

========================================================================
Received Import Request.
  Time since last request: 105.123923 seconds.
  path: Assets/Sprites/Button.png
  artifactKey: Guid(4317bc112957fe04c8557142f79bf01b) Importer(815301076,1909f56bfc062723c751e8b465ee728b)
Start importing Assets/Sprites/Button.png using Guid(4317bc112957fe04c8557142f79bf01b) Importer(815301076,1909f56bfc062723c751e8b465ee728b)  -> (artifact id: '8ba4d8737bb227c82791d794c1972d1b') in 0.055077 seconds 
  Import took 0.059816 seconds .

========================================================================
Received Import Request.
  Time since last request: 0.644286 seconds.
  path: Assets/Sprites/g14.png
  artifactKey: Guid(c8daf7bc01693ee4a9fd03c436d95809) Importer(815301076,1909f56bfc062723c751e8b465ee728b)
Start importing Assets/Sprites/g14.png using Guid(c8daf7bc01693ee4a9fd03c436d95809) Importer(815301076,1909f56bfc062723c751e8b465ee728b)  -> (artifact id: '5bec7c30db1d1ae1afd8f4da52c32641') in 0.016573 seconds 
  Import took 0.020292 seconds .

========================================================================
Received Import Request.
  Time since last request: 23.782761 seconds.
  path: Assets/Sprites/g14.png
  artifactKey: Guid(c8daf7bc01693ee4a9fd03c436d95809) Importer(815301076,1909f56bfc062723c751e8b465ee728b)
Start importing Assets/Sprites/g14.png using Guid(c8daf7bc01693ee4a9fd03c436d95809) Importer(815301076,1909f56bfc062723c751e8b465ee728b)  -> (artifact id: '9c63940359cb334f2a869360021f89aa') in 0.011957 seconds 
  Import took 0.015639 seconds .

========================================================================
Received Import Request.
  Time since last request: 87.315711 seconds.
  path: Assets/Sprites/g14.png
  artifactKey: Guid(c8daf7bc01693ee4a9fd03c436d95809) Importer(815301076,1909f56bfc062723c751e8b465ee728b)
Start importing Assets/Sprites/g14.png using Guid(c8daf7bc01693ee4a9fd03c436d95809) Importer(815301076,1909f56bfc062723c751e8b465ee728b)  -> (artifact id: 'a8acd982a61e3e0a2d9951f9137d27fa') in 0.042740 seconds 
  Import took 0.046823 seconds .

========================================================================
Received Import Request.
  Time since last request: 465.610697 seconds.
  path: Assets/Scenes
  artifactKey: Guid(7226c5f1144fad344a84c4545c95bfe1) Importer(815301076,1909f56bfc062723c751e8b465ee728b)
Start importing Assets/Scenes using Guid(7226c5f1144fad344a84c4545c95bfe1) Importer(815301076,1909f56bfc062723c751e8b465ee728b)  -> (artifact id: '881d8f2ecc6221e781e8627024338791') in 0.008153 seconds 
  Import took 0.012590 seconds .

========================================================================
Received Import Request.
  Time since last request: 2.497671 seconds.
  path: Assets/Sprites/10.png
  artifactKey: Guid(0625a51b660040644b7a899c7b90d783) Importer(815301076,1909f56bfc062723c751e8b465ee728b)
Start importing Assets/Sprites/10.png using Guid(0625a51b660040644b7a899c7b90d783) Importer(815301076,1909f56bfc062723c751e8b465ee728b)  -> (artifact id: '22824852b6befce0388fbb38a835df4c') in 0.014398 seconds 
  Import took 0.017967 seconds .

========================================================================
Received Import Request.
  Time since last request: 581.485086 seconds.
  path: Assets/Prefabs/Candy1.prefab
  artifactKey: Guid(15bb71e25d37f13469b71e9522a08fef) Importer(815301076,1909f56bfc062723c751e8b465ee728b)
Start importing Assets/Prefabs/Candy1.prefab using Guid(15bb71e25d37f13469b71e9522a08fef) Importer(815301076,1909f56bfc062723c751e8b465ee728b)  -> (artifact id: '60ac3490454a4344a8789f274c9f6f4d') in 0.039337 seconds 
  Import took 0.043081 seconds .

========================================================================
Received Import Request.
  Time since last request: 2.200912 seconds.
  path: Assets/Prefabs/Candy2.prefab
  artifactKey: Guid(ace4bd45ff1a46349b149e59d2dcd4ef) Importer(815301076,1909f56bfc062723c751e8b465ee728b)
Start importing Assets/Prefabs/Candy2.prefab using Guid(ace4bd45ff1a46349b149e59d2dcd4ef) Importer(815301076,1909f56bfc062723c751e8b465ee728b)  -> (artifact id: '103531902267f1bde2532616645806e7') in 0.013047 seconds 
  Import took 0.016673 seconds .

========================================================================
Received Import Request.
  Time since last request: 1.997516 seconds.
  path: Assets/Prefabs/Candy3.prefab
  artifactKey: Guid(3b0179920d5e45d4db15923a58400a3e) Importer(815301076,1909f56bfc062723c751e8b465ee728b)
Start importing Assets/Prefabs/Candy3.prefab using Guid(3b0179920d5e45d4db15923a58400a3e) Importer(815301076,1909f56bfc062723c751e8b465ee728b)  -> (artifact id: '78f14e33465532d2e3a1680287f3666d') in 0.012653 seconds 
  Import took 0.016443 seconds .

========================================================================
Received Import Request.
  Time since last request: 2.087991 seconds.
  path: Assets/Prefabs/Candy4.prefab
  artifactKey: Guid(66169a0a4ca0f7948b4844b7a0dbe86c) Importer(815301076,1909f56bfc062723c751e8b465ee728b)
Start importing Assets/Prefabs/Candy4.prefab using Guid(66169a0a4ca0f7948b4844b7a0dbe86c) Importer(815301076,1909f56bfc062723c751e8b465ee728b)  -> (artifact id: '8fba7029dbaff6e39261ac9bbffdb0c9') in 0.012095 seconds 
  Import took 0.015766 seconds .

